Build started 3-11-2014 14:27:35.
     1>Project "C:\Users\Martijn\Documents\Visual Studio 2013\Projects\C-PROG\Dictionary\Dictionary.vcxproj" on node 2 (Build target(s)).
     1>ClCompile:
         C:\Program Files (x86)\Microsoft Visual Studio 12.0\VC\bin\CL.exe /c /ZI /nologo /W3 /WX- /sdl /Od /Oy- /D WIN32 /D _DEBUG /D _CONSOLE /D _LIB /D _UNICODE /D UNICODE /Gm /EHsc /RTC1 /MDd /GS /fp:precise /Zc:wchar_t /Zc:forScope /Fo"Debug\\" /Fd"Debug\vc120.pdb" /Gd /TC /analyze- /errorReport:prompt dictionary.c program.c
         program.c
     1>c:\users\martijn\documents\visual studio 2013\projects\c-prog\dictionary\program.c(29): warning C4013: 'editArray' undefined; assuming extern returning int
     1>c:\users\martijn\documents\visual studio 2013\projects\c-prog\dictionary\program.c(71): warning C4018: '<' : signed/unsigned mismatch
     1>c:\users\martijn\documents\visual studio 2013\projects\c-prog\dictionary\program.c(89): warning C4018: '<' : signed/unsigned mismatch
         dictionary.c
     1>c:\users\martijn\documents\visual studio 2013\projects\c-prog\dictionary\dictionary.c(22): warning C4013: 'readLine' undefined; assuming extern returning int
     1>c:\users\martijn\documents\visual studio 2013\projects\c-prog\dictionary\dictionary.c(22): warning C4047: '!=' : 'int' differs in levels of indirection from 'char [6]'
     1>c:\users\martijn\documents\visual studio 2013\projects\c-prog\dictionary\dictionary.c(24): warning C4047: 'function' : 'const char *' differs in levels of indirection from 'int'
     1>c:\users\martijn\documents\visual studio 2013\projects\c-prog\dictionary\dictionary.c(24): warning C4024: 'strcpy_s' : different types for formal and actual parameter 3
     1>c:\users\martijn\documents\visual studio 2013\projects\c-prog\dictionary\dictionary.c(115): warning C4018: '<' : signed/unsigned mismatch
     1>c:\users\martijn\documents\visual studio 2013\projects\c-prog\dictionary\dictionary.c(95): warning C4101: 'r' : unreferenced local variable
     1>c:\users\martijn\documents\visual studio 2013\projects\c-prog\dictionary\dictionary.c(158): warning C4018: '<=' : signed/unsigned mismatch
     1>c:\users\martijn\documents\visual studio 2013\projects\c-prog\dictionary\dictionary.c(167): warning C4018: '<' : signed/unsigned mismatch
     1>c:\users\martijn\documents\visual studio 2013\projects\c-prog\dictionary\dictionary.c(205): warning C4018: '<' : signed/unsigned mismatch
     1>c:\users\martijn\documents\visual studio 2013\projects\c-prog\dictionary\dictionary.c(222): warning C4018: '<' : signed/unsigned mismatch
         Generating Code...
       Link:
         C:\Program Files (x86)\Microsoft Visual Studio 12.0\VC\bin\link.exe /ERRORREPORT:PROMPT /OUT:"C:\Users\Martijn\Documents\Visual Studio 2013\Projects\C-PROG\Debug\Dictionary.exe" /INCREMENTAL /NOLOGO kernel32.lib user32.lib gdi32.lib winspool.lib comdlg32.lib advapi32.lib shell32.lib ole32.lib oleaut32.lib uuid.lib odbc32.lib odbccp32.lib /MANIFEST /MANIFESTUAC:"level='asInvoker' uiAccess='false'" /manifest:embed /DEBUG /PDB:"C:\Users\Martijn\Documents\Visual Studio 2013\Projects\C-PROG\Debug\Dictionary.pdb" /SUBSYSTEM:CONSOLE /TLBID:1 /DYNAMICBASE /NXCOMPAT /IMPLIB:"C:\Users\Martijn\Documents\Visual Studio 2013\Projects\C-PROG\Debug\Dictionary.lib" /MACHINE:X86 Debug\dictionary.obj
         Debug\menu.obj
         Debug\program.obj
         Debug\fileManager.obj
         Debug\util.obj
         Dictionary.vcxproj -> C:\Users\Martijn\Documents\Visual Studio 2013\Projects\C-PROG\Debug\Dictionary.exe
     1>Done Building Project "C:\Users\Martijn\Documents\Visual Studio 2013\Projects\C-PROG\Dictionary\Dictionary.vcxproj" (Build target(s)).

Build succeeded.

Time Elapsed 00:00:03.99
